<?xml version="1.0" encoding="UTF-8"?>
<!-- Generated by org.testng.reporters.JUnitReportReporter -->
<testsuite hostname="WINDOWS-R8SKFHD" failures="0" tests="3" name="com.qa.wiki.Test.SearchPagenewTest" time="9.063" errors="0" timestamp="10 Nov 2021 04:35:51 GMT" skipped="0">
  <testcase classname="com.qa.wiki.Test.SearchPagenewTest" name="searchPageTest" time="8.068"/>
  <testcase classname="com.qa.wiki.Test.SearchPagenewTest" name="ValidateTitleTest" time="0.174"/>
  <testcase classname="com.qa.wiki.Test.SearchPagenewTest" name="MainPageTest" time="0.821"/>
</testsuite> <!-- com.qa.wiki.Test.SearchPagenewTest -->
