<?xml version="1.0" encoding="UTF-8"?>
<!-- Generated by org.testng.reporters.JUnitReportReporter -->
<testsuite hostname="WINDOWS-R8SKFHD" failures="0" tests="2" name="com.qa.wiki.Test.LoginPageTest" time="8.688" errors="0" timestamp="10 Nov 2021 05:26:34 GMT" skipped="0">
  <testcase classname="com.qa.wiki.Test.LoginPageTest" name="enteruserDetailsTest" time="3.354"/>
  <testcase classname="com.qa.wiki.Test.LoginPageTest" name="helpLinkTest" time="5.334"/>
</testsuite> <!-- com.qa.wiki.Test.LoginPageTest -->
