<?xml version="1.0" encoding="UTF-8"?>
<!-- Generated by org.testng.reporters.JUnitReportReporter -->
<testsuite hostname="WINDOWS-R8SKFHD" failures="0" tests="2" name="com.qa.wiki.Test.MainPageTest" time="4.907" errors="0" timestamp="10 Nov 2021 05:19:59 GMT" skipped="0">
  <testcase classname="com.qa.wiki.Test.MainPageTest" name="enClickText" time="3.765"/>
  <testcase classname="com.qa.wiki.Test.MainPageTest" name="loginlinkText" time="1.142"/>
</testsuite> <!-- com.qa.wiki.Test.MainPageTest -->
